<?xml version="1.0" encoding="UTF-8" standalone="yes"?><!DOCTYPE report PUBLIC "-//JACOCO//DTD Report 1.0//EN" "report.dtd"><report name="edu.ohio.ais.rundeck:rundeck-http-plugin"><sessioninfo id="localhost.localdomain-42c930c9" start="1494939634529" dump="1494939655425"/><package name="edu/ohio/ais/rundeck/util"><class name="edu/ohio/ais/rundeck/util/OAuthClient"><method name="buildError" desc="(Lorg/apache/http/HttpResponse;)Ljava/lang/String;" line="75"><counter type="INSTRUCTION" missed="0" covered="70"/><counter type="BRANCH" missed="2" covered="4"/><counter type="LINE" missed="0" covered="12"/><counter type="COMPLEXITY" missed="2" covered="2"/><counter type="METHOD" missed="0" covered="1"/></method><method name="doTokenRequest" desc="()V" line="102"><counter type="INSTRUCTION" missed="0" covered="109"/><counter type="BRANCH" missed="0" covered="2"/><counter type="LINE" missed="0" covered="18"/><counter type="COMPLEXITY" missed="0" covered="2"/><counter type="METHOD" missed="0" covered="1"/></method><method name="doTokenValidate" desc="()V" line="147"><counter type="INSTRUCTION" missed="0" covered="5"/><counter type="LINE" missed="0" covered="2"/><counter type="COMPLEXITY" missed="0" covered="1"/><counter type="METHOD" missed="0" covered="1"/></method><method name="doTokenValidate" desc="(Ljava/lang/Boolean;)V" line="162"><counter type="INSTRUCTION" missed="5" covered="104"/><counter type="BRANCH" missed="1" covered="11"/><counter type="LINE" missed="1" covered="23"/><counter type="COMPLEXITY" missed="1" covered="6"/><counter type="METHOD" missed="0" covered="1"/></method><method name="&lt;init&gt;" desc="(Ledu/ohio/ais/rundeck/util/OAuthClient$GrantType;)V" line="52"><counter type="INSTRUCTION" missed="0" covered="17"/><counter type="LINE" missed="0" covered="8"/><counter type="COMPLEXITY" missed="0" covered="1"/><counter type="METHOD" missed="0" covered="1"/></method><method name="setCredentials" desc="(Ljava/lang/String;Ljava/lang/String;)V" line="221"><counter type="INSTRUCTION" missed="0" covered="23"/><counter type="LINE" missed="0" covered="4"/><counter type="COMPLEXITY" missed="0" covered="1"/><counter type="METHOD" missed="0" covered="1"/></method><method name="setTokenEndpoint" desc="(Ljava/lang/String;)V" line="233"><counter type="INSTRUCTION" missed="0" covered="4"/><counter type="LINE" missed="0" covered="2"/><counter type="COMPLEXITY" missed="0" covered="1"/><counter type="METHOD" missed="0" covered="1"/></method><method name="setValidateEndpoint" desc="(Ljava/lang/String;)V" line="242"><counter type="INSTRUCTION" missed="0" covered="4"/><counter type="LINE" missed="0" covered="2"/><counter type="COMPLEXITY" missed="0" covered="1"/><counter type="METHOD" missed="0" covered="1"/></method><method name="invalidateAccessToken" desc="()V" line="249"><counter type="INSTRUCTION" missed="0" covered="7"/><counter type="LINE" missed="0" covered="3"/><counter type="COMPLEXITY" missed="0" covered="1"/><counter type="METHOD" missed="0" covered="1"/></method><method name="getAccessToken" desc="()Ljava/lang/String;" line="264"><counter type="INSTRUCTION" missed="0" covered="8"/><counter type="BRANCH" missed="0" covered="2"/><counter type="LINE" missed="0" covered="3"/><counter type="COMPLEXITY" missed="0" covered="2"/><counter type="METHOD" missed="0" covered="1"/></method><method name="&lt;clinit&gt;" desc="()V" line="30"><counter type="INSTRUCTION" missed="0" covered="10"/><counter type="LINE" missed="0" covered="3"/><counter type="COMPLEXITY" missed="0" covered="1"/><counter type="METHOD" missed="0" covered="1"/></method><counter type="INSTRUCTION" missed="5" covered="361"/><counter type="BRANCH" missed="3" covered="19"/><counter type="LINE" missed="1" covered="80"/><counter type="COMPLEXITY" missed="3" covered="19"/><counter type="METHOD" missed="0" covered="11"/><counter type="CLASS" missed="0" covered="1"/></class><class name="edu/ohio/ais/rundeck/util/OAuthClient$GrantType"><method name="values" desc="()[Ledu/ohio/ais/rundeck/util/OAuthClient$GrantType;" line="41"><counter type="INSTRUCTION" missed="4" covered="0"/><counter type="LINE" missed="1" covered="0"/><counter type="COMPLEXITY" missed="1" covered="0"/><counter type="METHOD" missed="1" covered="0"/></method><method name="valueOf" desc="(Ljava/lang/String;)Ledu/ohio/ais/rundeck/util/OAuthClient$GrantType;" line="41"><counter type="INSTRUCTION" missed="5" covered="0"/><counter type="LINE" missed="1" covered="0"/><counter type="COMPLEXITY" missed="1" covered="0"/><counter type="METHOD" missed="1" covered="0"/></method><method name="&lt;init&gt;" desc="(Ljava/lang/String;I)V" line="41"><counter type="INSTRUCTION" missed="0" covered="5"/><counter type="LINE" missed="0" covered="1"/><counter type="COMPLEXITY" missed="0" covered="1"/><counter type="METHOD" missed="0" covered="1"/></method><method name="&lt;clinit&gt;" desc="()V" line="41"><counter type="INSTRUCTION" missed="0" covered="14"/><counter type="LINE" missed="0" covered="2"/><counter type="COMPLEXITY" missed="0" covered="1"/><counter type="METHOD" missed="0" covered="1"/></method><counter type="INSTRUCTION" missed="9" covered="19"/><counter type="LINE" missed="0" covered="2"/><counter type="COMPLEXITY" missed="2" covered="2"/><counter type="METHOD" missed="2" covered="2"/><counter type="CLASS" missed="0" covered="1"/></class><class name="edu/ohio/ais/rundeck/util/OAuthClient$OAuthException"><method name="&lt;init&gt;" desc="(Ljava/lang/String;)V" line="47"><counter type="INSTRUCTION" missed="0" covered="4"/><counter type="LINE" missed="0" covered="2"/><counter type="COMPLEXITY" missed="0" covered="1"/><counter type="METHOD" missed="0" covered="1"/></method><counter type="INSTRUCTION" missed="0" covered="4"/><counter type="LINE" missed="0" covered="2"/><counter type="COMPLEXITY" missed="0" covered="1"/><counter type="METHOD" missed="0" covered="1"/><counter type="CLASS" missed="0" covered="1"/></class><sourcefile name="OAuthClient.java"><line nr="30" mi="0" ci="3" mb="0" cb="0"/><line nr="38" mi="0" ci="3" mb="0" cb="0"/><line nr="39" mi="0" ci="4" mb="0" cb="0"/><line nr="41" mi="9" ci="13" mb="0" cb="0"/><line nr="42" mi="0" ci="6" mb="0" cb="0"/><line nr="47" mi="0" ci="3" mb="0" cb="0"/><line nr="48" mi="0" ci="1" mb="0" cb="0"/><line nr="52" mi="0" ci="5" mb="0" cb="0"/><line nr="75" mi="0" ci="4" mb="0" cb="0"/><line nr="78" mi="0" ci="7" mb="0" cb="0"/><line nr="80" mi="0" ci="3" mb="1" cb="1"/><line nr="81" mi="0" ci="4" mb="0" cb="2"/><line nr="82" mi="0" ci="15" mb="0" cb="0"/><line nr="83" mi="0" ci="4" mb="1" cb="1"/><line nr="84" mi="0" ci="14" mb="0" cb="0"/><line nr="87" mi="0" ci="1" mb="0" cb="0"/><line nr="88" mi="0" ci="3" mb="0" cb="0"/><line nr="89" mi="0" ci="12" mb="0" cb="0"/><line nr="90" mi="0" ci="1" mb="0" cb="0"/><line nr="92" mi="0" ci="2" mb="0" cb="0"/><line nr="102" mi="0" ci="3" mb="0" cb="0"/><line nr="104" mi="0" ci="11" mb="0" cb="0"/><line nr="106" mi="0" ci="4" mb="0" cb="0"/><line nr="107" mi="0" ci="11" mb="0" cb="0"/><line nr="109" mi="0" ci="4" mb="0" cb="0"/><line nr="110" mi="0" ci="19" mb="0" cb="0"/><line nr="111" mi="0" ci="6" mb="0" cb="0"/><line nr="112" mi="0" ci="3" mb="0" cb="0"/><line nr="113" mi="0" ci="5" mb="0" cb="0"/><line nr="114" mi="0" ci="3" mb="0" cb="0"/><line nr="116" mi="0" ci="5" mb="0" cb="0"/><line nr="118" mi="0" ci="6" mb="0" cb="2"/><line nr="119" mi="0" ci="7" mb="0" cb="0"/><line nr="120" mi="0" ci="6" mb="0" cb="0"/><line nr="121" mi="0" ci="1" mb="0" cb="0"/><line nr="122" mi="0" ci="10" mb="0" cb="0"/><line nr="125" mi="0" ci="4" mb="0" cb="0"/><line nr="126" mi="0" ci="1" mb="0" cb="0"/><line nr="147" mi="0" ci="4" mb="0" cb="0"/><line nr="148" mi="0" ci="1" mb="0" cb="0"/><line nr="162" mi="0" ci="3" mb="0" cb="2"/><line nr="163" mi="0" ci="2" mb="0" cb="0"/><line nr="166" mi="0" ci="3" mb="0" cb="2"/><line nr="167" mi="0" ci="11" mb="0" cb="0"/><line nr="169" mi="0" ci="4" mb="0" cb="0"/><line nr="170" mi="0" ci="11" mb="0" cb="0"/><line nr="171" mi="0" ci="3" mb="0" cb="0"/><line nr="172" mi="0" ci="1" mb="0" cb="0"/><line nr="173" mi="0" ci="2" mb="0" cb="0"/><line nr="175" mi="0" ci="5" mb="0" cb="0"/><line nr="177" mi="0" ci="6" mb="0" cb="2"/><line nr="178" mi="0" ci="7" mb="0" cb="0"/><line nr="179" mi="0" ci="5" mb="0" cb="0"/><line nr="181" mi="0" ci="5" mb="0" cb="2"/><line nr="182" mi="0" ci="5" mb="0" cb="0"/><line nr="184" mi="0" ci="7" mb="0" cb="2"/><line nr="185" mi="0" ci="3" mb="0" cb="0"/><line nr="187" mi="0" ci="3" mb="1" cb="1"/><line nr="188" mi="5" ci="0" mb="0" cb="0"/><line nr="190" mi="0" ci="3" mb="0" cb="0"/><line nr="193" mi="0" ci="10" mb="0" cb="0"/><line nr="195" mi="0" ci="1" mb="0" cb="0"/><line nr="196" mi="0" ci="3" mb="0" cb="0"/><line nr="198" mi="0" ci="1" mb="0" cb="0"/><line nr="205" mi="0" ci="2" mb="0" cb="0"/><line nr="206" mi="0" ci="2" mb="0" cb="0"/><line nr="207" mi="0" ci="1" mb="0" cb="0"/><line nr="208" mi="0" ci="1" mb="0" cb="0"/><line nr="209" mi="0" ci="2" mb="0" cb="0"/><line nr="211" mi="0" ci="3" mb="0" cb="0"/><line nr="212" mi="0" ci="1" mb="0" cb="0"/><line nr="221" mi="0" ci="16" mb="0" cb="0"/><line nr="223" mi="0" ci="3" mb="0" cb="0"/><line nr="224" mi="0" ci="3" mb="0" cb="0"/><line nr="225" mi="0" ci="1" mb="0" cb="0"/><line nr="233" mi="0" ci="3" mb="0" cb="0"/><line nr="234" mi="0" ci="1" mb="0" cb="0"/><line nr="242" mi="0" ci="3" mb="0" cb="0"/><line nr="243" mi="0" ci="1" mb="0" cb="0"/><line nr="249" mi="0" ci="3" mb="0" cb="0"/><line nr="250" mi="0" ci="3" mb="0" cb="0"/><line nr="251" mi="0" ci="1" mb="0" cb="0"/><line nr="264" mi="0" ci="3" mb="0" cb="2"/><line nr="265" mi="0" ci="2" mb="0" cb="0"/><line nr="268" mi="0" ci="3" mb="0" cb="0"/><counter type="INSTRUCTION" missed="14" covered="384"/><counter type="BRANCH" missed="3" covered="19"/><counter type="LINE" missed="1" covered="84"/><counter type="COMPLEXITY" missed="5" covered="22"/><counter type="METHOD" missed="2" covered="14"/><counter type="CLASS" missed="0" covered="3"/></sourcefile><counter type="INSTRUCTION" missed="14" covered="384"/><counter type="BRANCH" missed="3" covered="19"/><counter type="LINE" missed="1" covered="84"/><counter type="COMPLEXITY" missed="5" covered="22"/><counter type="METHOD" missed="2" covered="14"/><counter type="CLASS" missed="0" covered="3"/></package><package name="edu/ohio/ais/rundeck"><class name="edu/ohio/ais/rundeck/HttpWorkflowStepPlugin"><method name="&lt;init&gt;" desc="()V" line="55"><counter type="INSTRUCTION" missed="0" covered="9"/><counter type="LINE" missed="0" covered="2"/><counter type="COMPLEXITY" missed="0" covered="1"/><counter type="METHOD" missed="0" covered="1"/></method><method name="getDescription" desc="()Lcom/dtolabs/rundeck/core/plugins/configuration/Description;" line="98"><counter type="INSTRUCTION" missed="0" covered="244"/><counter type="LINE" missed="0" covered="118"/><counter type="COMPLEXITY" missed="0" covered="1"/><counter type="METHOD" missed="0" covered="1"/></method><method name="getHttpClient" desc="(Ljava/util/Map;)Lorg/apache/http/client/HttpClient;" line="220"><counter type="INSTRUCTION" missed="32" covered="15"/><counter type="BRANCH" missed="3" covered="1"/><counter type="LINE" missed="5" covered="5"/><counter type="COMPLEXITY" missed="2" covered="1"/><counter type="METHOD" missed="0" covered="1"/></method><method name="doRequest" desc="(Ljava/util/Map;Lorg/apache/http/client/methods/HttpUriRequest;Ljava/lang/Integer;)V" line="251"><counter type="INSTRUCTION" missed="181" covered="209"/><counter type="BRANCH" missed="21" covered="15"/><counter type="LINE" missed="25" covered="38"/><counter type="COMPLEXITY" missed="14" covered="5"/><counter type="METHOD" missed="0" covered="1"/></method><method name="executeStep" desc="(Lcom/dtolabs/rundeck/plugins/step/PluginStepContext;Ljava/util/Map;)V" line="368"><counter type="INSTRUCTION" missed="129" covered="378"/><counter type="BRANCH" missed="16" covered="42"/><counter type="LINE" missed="34" covered="67"/><counter type="COMPLEXITY" missed="13" covered="17"/><counter type="METHOD" missed="0" covered="1"/></method><method name="getPageContent" desc="(Lorg/apache/http/HttpResponse;)Ljava/lang/StringBuffer;" line="551"><counter type="INSTRUCTION" missed="38" covered="0"/><counter type="BRANCH" missed="2" covered="0"/><counter type="LINE" missed="13" covered="0"/><counter type="COMPLEXITY" missed="2" covered="0"/><counter type="METHOD" missed="1" covered="0"/></method><method name="prettyPrint" desc="(Lorg/apache/http/HttpResponse;)Ljava/lang/String;" line="575"><counter type="INSTRUCTION" missed="91" covered="0"/><counter type="BRANCH" missed="12" covered="0"/><counter type="LINE" missed="24" covered="0"/><counter type="COMPLEXITY" missed="7" covered="0"/><counter type="METHOD" missed="1" covered="0"/></method><method name="&lt;clinit&gt;" desc="()V" line="56"><counter type="INSTRUCTION" missed="0" covered="41"/><counter type="LINE" missed="0" covered="4"/><counter type="COMPLEXITY" missed="0" covered="1"/><counter type="METHOD" missed="0" covered="1"/></method><counter type="INSTRUCTION" missed="471" covered="896"/><counter type="BRANCH" missed="54" covered="58"/><counter type="LINE" missed="101" covered="234"/><counter type="COMPLEXITY" missed="38" covered="26"/><counter type="METHOD" missed="2" covered="6"/><counter type="CLASS" missed="0" covered="1"/></class><class name="edu/ohio/ais/rundeck/HttpWorkflowStepPlugin$Reason"><method name="values" desc="()[Ledu/ohio/ais/rundeck/HttpWorkflowStepPlugin$Reason;" line="83"><counter type="INSTRUCTION" missed="4" covered="0"/><counter type="LINE" missed="1" covered="0"/><counter type="COMPLEXITY" missed="1" covered="0"/><counter type="METHOD" missed="1" covered="0"/></method><method name="valueOf" desc="(Ljava/lang/String;)Ledu/ohio/ais/rundeck/HttpWorkflowStepPlugin$Reason;" line="83"><counter type="INSTRUCTION" missed="5" covered="0"/><counter type="LINE" missed="1" covered="0"/><counter type="COMPLEXITY" missed="1" covered="0"/><counter type="METHOD" missed="1" covered="0"/></method><method name="&lt;init&gt;" desc="(Ljava/lang/String;I)V" line="83"><counter type="INSTRUCTION" missed="0" covered="5"/><counter type="LINE" missed="0" covered="1"/><counter type="COMPLEXITY" missed="0" covered="1"/><counter type="METHOD" missed="0" covered="1"/></method><method name="&lt;clinit&gt;" desc="()V" line="83"><counter type="INSTRUCTION" missed="0" covered="24"/><counter type="LINE" missed="0" covered="3"/><counter type="COMPLEXITY" missed="0" covered="1"/><counter type="METHOD" missed="0" covered="1"/></method><counter type="INSTRUCTION" missed="9" covered="29"/><counter type="LINE" missed="0" covered="3"/><counter type="COMPLEXITY" missed="2" covered="2"/><counter type="METHOD" missed="2" covered="2"/><counter type="CLASS" missed="0" covered="1"/></class><class name="edu/ohio/ais/rundeck/HttpWorkflowStepPlugin$1"><method name="&lt;init&gt;" desc="(Ledu/ohio/ais/rundeck/HttpWorkflowStepPlugin;)V" line="228"><counter type="INSTRUCTION" missed="6" covered="0"/><counter type="LINE" missed="1" covered="0"/><counter type="COMPLEXITY" missed="1" covered="0"/><counter type="METHOD" missed="1" covered="0"/></method><method name="isTrusted" desc="([Ljava/security/cert/X509Certificate;Ljava/lang/String;)Z" line="231"><counter type="INSTRUCTION" missed="2" covered="0"/><counter type="LINE" missed="1" covered="0"/><counter type="COMPLEXITY" missed="1" covered="0"/><counter type="METHOD" missed="1" covered="0"/></method><counter type="INSTRUCTION" missed="8" covered="0"/><counter type="LINE" missed="2" covered="0"/><counter type="COMPLEXITY" missed="2" covered="0"/><counter type="METHOD" missed="2" covered="0"/><counter type="CLASS" missed="1" covered="0"/></class><sourcefile name="HttpWorkflowStepPlugin.java"><line nr="55" mi="0" ci="2" mb="0" cb="0"/><line nr="56" mi="0" ci="3" mb="0" cb="0"/><line nr="61" mi="0" ci="3" mb="0" cb="0"/><line nr="67" mi="0" ci="3" mb="0" cb="0"/><line nr="70" mi="0" ci="32" mb="0" cb="0"/><line nr="81" mi="0" ci="7" mb="0" cb="0"/><line nr="83" mi="9" ci="17" mb="0" cb="0"/><line nr="84" mi="0" ci="6" mb="0" cb="0"/><line nr="85" mi="0" ci="6" mb="0" cb="0"/><line nr="98" mi="0" ci="3" mb="0" cb="0"/><line nr="99" mi="0" ci="2" mb="0" cb="0"/><line nr="100" mi="0" ci="2" mb="0" cb="0"/><line nr="101" mi="0" ci="1" mb="0" cb="0"/><line nr="102" mi="0" ci="3" mb="0" cb="0"/><line nr="103" mi="0" ci="2" mb="0" cb="0"/><line nr="104" mi="0" ci="2" mb="0" cb="0"/><line nr="105" mi="0" ci="2" mb="0" cb="0"/><line nr="106" mi="0" ci="1" mb="0" cb="0"/><line nr="107" mi="0" ci="1" mb="0" cb="0"/><line nr="108" mi="0" ci="3" mb="0" cb="0"/><line nr="109" mi="0" ci="2" mb="0" cb="0"/><line nr="110" mi="0" ci="2" mb="0" cb="0"/><line nr="111" mi="0" ci="2" mb="0" cb="0"/><line nr="112" mi="0" ci="2" mb="0" cb="0"/><line nr="113" mi="0" ci="2" mb="0" cb="0"/><line nr="114" mi="0" ci="1" mb="0" cb="0"/><line nr="115" mi="0" ci="1" mb="0" cb="0"/><line nr="116" mi="0" ci="3" mb="0" cb="0"/><line nr="117" mi="0" ci="2" mb="0" cb="0"/><line nr="118" mi="0" ci="2" mb="0" cb="0"/><line nr="119" mi="0" ci="1" mb="0" cb="0"/><line nr="120" mi="0" ci="1" mb="0" cb="0"/><line nr="121" mi="0" ci="1" mb="0" cb="0"/><line nr="122" mi="0" ci="3" mb="0" cb="0"/><line nr="123" mi="0" ci="2" mb="0" cb="0"/><line nr="124" mi="0" ci="2" mb="0" cb="0"/><line nr="125" mi="0" ci="1" mb="0" cb="0"/><line nr="126" mi="0" ci="1" mb="0" cb="0"/><line nr="127" mi="0" ci="1" mb="0" cb="0"/><line nr="128" mi="0" ci="3" mb="0" cb="0"/><line nr="129" mi="0" ci="2" mb="0" cb="0"/><line nr="130" mi="0" ci="2" mb="0" cb="0"/><line nr="131" mi="0" ci="2" mb="0" cb="0"/><line nr="132" mi="0" ci="2" mb="0" cb="0"/><line nr="133" mi="0" ci="1" mb="0" cb="0"/><line nr="134" mi="0" ci="3" mb="0" cb="0"/><line nr="135" mi="0" ci="2" mb="0" cb="0"/><line nr="136" mi="0" ci="2" mb="0" cb="0"/><line nr="137" mi="0" ci="2" mb="0" cb="0"/><line nr="138" mi="0" ci="1" mb="0" cb="0"/><line nr="139" mi="0" ci="1" mb="0" cb="0"/><line nr="140" mi="0" ci="3" mb="0" cb="0"/><line nr="141" mi="0" ci="2" mb="0" cb="0"/><line nr="142" mi="0" ci="2" mb="0" cb="0"/><line nr="143" mi="0" ci="2" mb="0" cb="0"/><line nr="144" mi="0" ci="2" mb="0" cb="0"/><line nr="145" mi="0" ci="15" mb="0" cb="0"/><line nr="146" mi="0" ci="3" mb="0" cb="0"/><line nr="147" mi="0" ci="1" mb="0" cb="0"/><line nr="148" mi="0" ci="1" mb="0" cb="0"/><line nr="149" mi="0" ci="3" mb="0" cb="0"/><line nr="150" mi="0" ci="2" mb="0" cb="0"/><line nr="151" mi="0" ci="2" mb="0" cb="0"/><line nr="152" mi="0" ci="2" mb="0" cb="0"/><line nr="153" mi="0" ci="3" mb="0" cb="0"/><line nr="154" mi="0" ci="1" mb="0" cb="0"/><line nr="155" mi="0" ci="1" mb="0" cb="0"/><line nr="156" mi="0" ci="3" mb="0" cb="0"/><line nr="157" mi="0" ci="2" mb="0" cb="0"/><line nr="158" mi="0" ci="2" mb="0" cb="0"/><line nr="159" mi="0" ci="2" mb="0" cb="0"/><line nr="160" mi="0" ci="3" mb="0" cb="0"/><line nr="161" mi="0" ci="3" mb="0" cb="0"/><line nr="163" mi="0" ci="3" mb="0" cb="0"/><line nr="164" mi="0" ci="3" mb="0" cb="0"/><line nr="165" mi="0" ci="1" mb="0" cb="0"/><line nr="166" mi="0" ci="1" mb="0" cb="0"/><line nr="167" mi="0" ci="3" mb="0" cb="0"/><line nr="168" mi="0" ci="2" mb="0" cb="0"/><line nr="169" mi="0" ci="2" mb="0" cb="0"/><line nr="170" mi="0" ci="2" mb="0" cb="0"/><line nr="171" mi="0" ci="3" mb="0" cb="0"/><line nr="172" mi="0" ci="1" mb="0" cb="0"/><line nr="173" mi="0" ci="1" mb="0" cb="0"/><line nr="174" mi="0" ci="3" mb="0" cb="0"/><line nr="175" mi="0" ci="2" mb="0" cb="0"/><line nr="176" mi="0" ci="2" mb="0" cb="0"/><line nr="177" mi="0" ci="2" mb="0" cb="0"/><line nr="178" mi="0" ci="3" mb="0" cb="0"/><line nr="179" mi="0" ci="1" mb="0" cb="0"/><line nr="180" mi="0" ci="1" mb="0" cb="0"/><line nr="181" mi="0" ci="3" mb="0" cb="0"/><line nr="182" mi="0" ci="2" mb="0" cb="0"/><line nr="183" mi="0" ci="2" mb="0" cb="0"/><line nr="184" mi="0" ci="2" mb="0" cb="0"/><line nr="185" mi="0" ci="3" mb="0" cb="0"/><line nr="186" mi="0" ci="1" mb="0" cb="0"/><line nr="187" mi="0" ci="1" mb="0" cb="0"/><line nr="188" mi="0" ci="3" mb="0" cb="0"/><line nr="189" mi="0" ci="2" mb="0" cb="0"/><line nr="190" mi="0" ci="2" mb="0" cb="0"/><line nr="191" mi="0" ci="2" mb="0" cb="0"/><line nr="192" mi="0" ci="3" mb="0" cb="0"/><line nr="193" mi="0" ci="1" mb="0" cb="0"/><line nr="194" mi="0" ci="1" mb="0" cb="0"/><line nr="195" mi="0" ci="3" mb="0" cb="0"/><line nr="196" mi="0" ci="2" mb="0" cb="0"/><line nr="197" mi="0" ci="2" mb="0" cb="0"/><line nr="198" mi="0" ci="2" mb="0" cb="0"/><line nr="199" mi="0" ci="3" mb="0" cb="0"/><line nr="200" mi="0" ci="1" mb="0" cb="0"/><line nr="201" mi="0" ci="1" mb="0" cb="0"/><line nr="202" mi="0" ci="3" mb="0" cb="0"/><line nr="203" mi="0" ci="2" mb="0" cb="0"/><line nr="204" mi="0" ci="2" mb="0" cb="0"/><line nr="205" mi="0" ci="2" mb="0" cb="0"/><line nr="206" mi="0" ci="3" mb="0" cb="0"/><line nr="207" mi="0" ci="1" mb="0" cb="0"/><line nr="208" mi="0" ci="1" mb="0" cb="0"/><line nr="209" mi="0" ci="3" mb="0" cb="0"/><line nr="210" mi="0" ci="2" mb="0" cb="0"/><line nr="211" mi="0" ci="2" mb="0" cb="0"/><line nr="212" mi="0" ci="2" mb="0" cb="0"/><line nr="213" mi="0" ci="3" mb="0" cb="0"/><line nr="214" mi="0" ci="1" mb="0" cb="0"/><line nr="215" mi="0" ci="1" mb="0" cb="0"/><line nr="216" mi="0" ci="1" mb="0" cb="0"/><line nr="220" mi="0" ci="2" mb="0" cb="0"/><line nr="222" mi="0" ci="3" mb="0" cb="0"/><line nr="223" mi="0" ci="3" mb="0" cb="0"/><line nr="225" mi="6" ci="4" mb="3" cb="1"/><line nr="226" mi="3" ci="0" mb="0" cb="0"/><line nr="227" mi="4" ci="0" mb="0" cb="0"/><line nr="228" mi="14" ci="0" mb="0" cb="0"/><line nr="231" mi="2" ci="0" mb="0" cb="0"/><line nr="235" mi="6" ci="0" mb="0" cb="0"/><line nr="236" mi="5" ci="0" mb="0" cb="0"/><line nr="239" mi="0" ci="3" mb="0" cb="0"/><line nr="251" mi="0" ci="5" mb="1" cb="1"/><line nr="252" mi="6" ci="0" mb="0" cb="0"/><line nr="255" mi="0" ci="6" mb="0" cb="0"/><line nr="258" mi="6" ci="6" mb="3" cb="1"/><line nr="259" mi="6" ci="2" mb="3" cb="1"/><line nr="261" mi="4" ci="0" mb="0" cb="0"/><line nr="263" mi="6" ci="0" mb="2" cb="0"/><line nr="265" mi="3" ci="0" mb="0" cb="0"/><line nr="268" mi="6" ci="0" mb="2" cb="0"/><line nr="270" mi="8" ci="0" mb="0" cb="0"/><line nr="271" mi="8" ci="0" mb="0" cb="0"/><line nr="272" mi="3" ci="0" mb="0" cb="0"/><line nr="275" mi="2" ci="0" mb="0" cb="0"/><line nr="281" mi="6" ci="4" mb="3" cb="1"/><line nr="283" mi="4" ci="0" mb="2" cb="0"/><line nr="284" mi="7" ci="0" mb="0" cb="0"/><line nr="286" mi="5" ci="0" mb="2" cb="0"/><line nr="287" mi="15" ci="0" mb="0" cb="0"/><line nr="288" mi="6" ci="0" mb="0" cb="0"/><line nr="296" mi="0" ci="6" mb="0" cb="2"/><line nr="297" mi="0" ci="11" mb="0" cb="0"/><line nr="300" mi="0" ci="4" mb="0" cb="2"/><line nr="301" mi="0" ci="7" mb="0" cb="2"/><line nr="302" mi="0" ci="6" mb="0" cb="0"/><line nr="303" mi="0" ci="7" mb="1" cb="1"/><line nr="304" mi="0" ci="3" mb="0" cb="0"/><line nr="308" mi="0" ci="5" mb="0" cb="0"/><line nr="309" mi="0" ci="17" mb="0" cb="0"/><line nr="311" mi="0" ci="6" mb="0" cb="0"/><line nr="312" mi="0" ci="2" mb="0" cb="0"/><line nr="315" mi="0" ci="3" mb="0" cb="0"/><line nr="316" mi="1" ci="0" mb="0" cb="0"/><line nr="317" mi="14" ci="0" mb="0" cb="0"/><line nr="319" mi="4" ci="0" mb="0" cb="0"/><line nr="320" mi="2" ci="0" mb="0" cb="0"/><line nr="321" mi="0" ci="1" mb="0" cb="0"/><line nr="324" mi="0" ci="6" mb="0" cb="0"/><line nr="325" mi="5" ci="3" mb="0" cb="0"/><line nr="328" mi="0" ci="11" mb="0" cb="0"/><line nr="330" mi="0" ci="10" mb="0" cb="0"/><line nr="332" mi="0" ci="9" mb="0" cb="0"/><line nr="333" mi="0" ci="1" mb="0" cb="0"/><line nr="334" mi="6" ci="0" mb="0" cb="0"/><line nr="337" mi="0" ci="6" mb="0" cb="0"/><line nr="339" mi="0" ci="5" mb="0" cb="2"/><line nr="340" mi="0" ci="2" mb="0" cb="0"/><line nr="342" mi="0" ci="5" mb="1" cb="1"/><line nr="343" mi="0" ci="14" mb="0" cb="0"/><line nr="345" mi="16" ci="0" mb="0" cb="0"/><line nr="348" mi="0" ci="4" mb="0" cb="0"/><line nr="349" mi="0" ci="3" mb="1" cb="1"/><line nr="350" mi="11" ci="0" mb="0" cb="0"/><line nr="353" mi="0" ci="6" mb="0" cb="0"/><line nr="355" mi="0" ci="1" mb="0" cb="0"/><line nr="356" mi="0" ci="14" mb="0" cb="0"/><line nr="357" mi="0" ci="4" mb="0" cb="0"/><line nr="358" mi="0" ci="2" mb="0" cb="0"/><line nr="359" mi="1" ci="0" mb="0" cb="0"/><line nr="360" mi="14" ci="0" mb="0" cb="0"/><line nr="361" mi="4" ci="0" mb="0" cb="0"/><line nr="362" mi="2" ci="0" mb="0" cb="0"/><line nr="363" mi="0" ci="1" mb="0" cb="0"/><line nr="364" mi="0" ci="1" mb="0" cb="0"/><line nr="368" mi="0" ci="2" mb="0" cb="0"/><line nr="371" mi="0" ci="11" mb="0" cb="2"/><line nr="372" mi="0" ci="11" mb="0" cb="2"/><line nr="373" mi="0" ci="11" mb="0" cb="2"/><line nr="374" mi="0" ci="14" mb="0" cb="2"/><line nr="375" mi="5" ci="6" mb="1" cb="1"/><line nr="376" mi="5" ci="6" mb="1" cb="1"/><line nr="378" mi="0" ci="4" mb="1" cb="3"/><line nr="379" mi="0" ci="6" mb="0" cb="0"/><line nr="383" mi="0" ci="7" mb="2" cb="2"/><line nr="384" mi="5" ci="0" mb="0" cb="0"/><line nr="388" mi="0" ci="2" mb="0" cb="0"/><line nr="390" mi="0" ci="4" mb="0" cb="2"/><line nr="391" mi="1" ci="10" mb="1" cb="1"/><line nr="396" mi="8" ci="0" mb="0" cb="0"/><line nr="398" mi="4" ci="0" mb="0" cb="0"/><line nr="400" mi="4" ci="0" mb="0" cb="0"/><line nr="402" mi="6" ci="0" mb="0" cb="0"/><line nr="403" mi="0" ci="1" mb="0" cb="0"/><line nr="404" mi="0" ci="2" mb="0" cb="0"/><line nr="405" mi="1" ci="0" mb="0" cb="0"/><line nr="407" mi="0" ci="2" mb="1" cb="1"/><line nr="408" mi="0" ci="2" mb="0" cb="0"/><line nr="413" mi="0" ci="4" mb="0" cb="2"/><line nr="415" mi="0" ci="11" mb="0" cb="2"/><line nr="417" mi="0" ci="4" mb="1" cb="3"/><line nr="418" mi="0" ci="6" mb="0" cb="0"/><line nr="422" mi="0" ci="11" mb="0" cb="0"/><line nr="425" mi="0" ci="10" mb="0" cb="0"/><line nr="426" mi="0" ci="5" mb="0" cb="2"/><line nr="428" mi="0" ci="11" mb="0" cb="2"/><line nr="429" mi="0" ci="11" mb="0" cb="2"/><line nr="430" mi="0" ci="11" mb="0" cb="2"/><line nr="431" mi="0" ci="2" mb="0" cb="0"/><line nr="434" mi="0" ci="2" mb="0" cb="2"/><line nr="435" mi="0" ci="6" mb="0" cb="0"/><line nr="439" mi="0" ci="11" mb="0" cb="0"/><line nr="443" mi="0" ci="5" mb="0" cb="0"/><line nr="446" mi="0" ci="5" mb="0" cb="2"/><line nr="450" mi="0" ci="10" mb="0" cb="0"/><line nr="451" mi="0" ci="6" mb="0" cb="0"/><line nr="452" mi="0" ci="4" mb="0" cb="0"/><line nr="453" mi="0" ci="4" mb="0" cb="0"/><line nr="456" mi="0" ci="10" mb="0" cb="0"/><line nr="457" mi="0" ci="5" mb="0" cb="0"/><line nr="458" mi="0" ci="4" mb="0" cb="0"/><line nr="459" mi="0" ci="3" mb="0" cb="0"/><line nr="460" mi="0" ci="3" mb="0" cb="0"/><line nr="465" mi="0" ci="3" mb="0" cb="0"/><line nr="466" mi="0" ci="3" mb="0" cb="0"/><line nr="467" mi="0" ci="1" mb="0" cb="0"/><line nr="468" mi="0" ci="14" mb="0" cb="0"/><line nr="470" mi="0" ci="4" mb="0" cb="0"/><line nr="471" mi="0" ci="2" mb="0" cb="0"/><line nr="472" mi="0" ci="1" mb="0" cb="0"/><line nr="474" mi="0" ci="6" mb="0" cb="0"/><line nr="475" mi="0" ci="8" mb="0" cb="0"/><line nr="477" mi="0" ci="9" mb="0" cb="0"/><line nr="481" mi="0" ci="3" mb="0" cb="0"/><line nr="482" mi="0" ci="1" mb="0" cb="0"/><line nr="483" mi="0" ci="4" mb="0" cb="0"/><line nr="484" mi="0" ci="3" mb="0" cb="0"/><line nr="485" mi="0" ci="3" mb="0" cb="0"/><line nr="486" mi="0" ci="2" mb="0" cb="0"/><line nr="487" mi="0" ci="1" mb="0" cb="0"/><line nr="489" mi="0" ci="16" mb="0" cb="0"/><line nr="491" mi="0" ci="2" mb="0" cb="2"/><line nr="492" mi="0" ci="10" mb="0" cb="0"/><line nr="493" mi="0" ci="5" mb="0" cb="0"/><line nr="497" mi="0" ci="2" mb="1" cb="1"/><line nr="500" mi="4" ci="0" mb="0" cb="0"/><line nr="501" mi="4" ci="0" mb="0" cb="0"/><line nr="504" mi="7" ci="0" mb="0" cb="0"/><line nr="505" mi="1" ci="0" mb="0" cb="0"/><line nr="506" mi="2" ci="0" mb="0" cb="0"/><line nr="507" mi="1" ci="0" mb="0" cb="0"/><line nr="510" mi="2" ci="0" mb="2" cb="0"/><line nr="511" mi="4" ci="0" mb="0" cb="0"/><line nr="512" mi="2" ci="0" mb="0" cb="0"/><line nr="514" mi="5" ci="0" mb="0" cb="0"/><line nr="515" mi="3" ci="0" mb="0" cb="0"/><line nr="516" mi="3" ci="0" mb="0" cb="0"/><line nr="517" mi="1" ci="0" mb="0" cb="0"/><line nr="518" mi="2" ci="0" mb="0" cb="0"/><line nr="519" mi="1" ci="0" mb="0" cb="0"/><line nr="522" mi="2" ci="0" mb="2" cb="0"/><line nr="523" mi="4" ci="0" mb="0" cb="0"/><line nr="525" mi="11" ci="0" mb="2" cb="0"/><line nr="526" mi="4" ci="0" mb="0" cb="0"/><line nr="527" mi="4" ci="0" mb="0" cb="0"/><line nr="529" mi="5" ci="0" mb="0" cb="0"/><line nr="530" mi="1" ci="0" mb="0" cb="0"/><line nr="535" mi="0" ci="2" mb="1" cb="1"/><line nr="536" mi="2" ci="0" mb="0" cb="0"/><line nr="538" mi="7" ci="0" mb="0" cb="0"/><line nr="539" mi="1" ci="0" mb="0" cb="0"/><line nr="540" mi="2" ci="0" mb="0" cb="0"/><line nr="541" mi="1" ci="0" mb="0" cb="0"/><line nr="542" mi="4" ci="0" mb="0" cb="0"/><line nr="545" mi="0" ci="7" mb="0" cb="0"/><line nr="546" mi="0" ci="1" mb="0" cb="0"/><line nr="551" mi="2" ci="0" mb="0" cb="0"/><line nr="553" mi="10" ci="0" mb="0" cb="0"/><line nr="554" mi="1" ci="0" mb="0" cb="0"/><line nr="555" mi="2" ci="0" mb="0" cb="0"/><line nr="556" mi="1" ci="0" mb="0" cb="0"/><line nr="558" mi="4" ci="0" mb="0" cb="0"/><line nr="560" mi="2" ci="0" mb="0" cb="0"/><line nr="562" mi="5" ci="0" mb="2" cb="0"/><line nr="563" mi="5" ci="0" mb="0" cb="0"/><line nr="565" mi="1" ci="0" mb="0" cb="0"/><line nr="566" mi="2" ci="0" mb="0" cb="0"/><line nr="567" mi="1" ci="0" mb="0" cb="0"/><line nr="569" mi="2" ci="0" mb="0" cb="0"/><line nr="575" mi="3" ci="0" mb="0" cb="0"/><line nr="577" mi="2" ci="0" mb="0" cb="0"/><line nr="578" mi="2" ci="0" mb="2" cb="0"/><line nr="579" mi="3" ci="0" mb="0" cb="0"/><line nr="581" mi="2" ci="0" mb="2" cb="0"/><line nr="582" mi="3" ci="0" mb="0" cb="0"/><line nr="586" mi="5" ci="0" mb="0" cb="0"/><line nr="588" mi="2" ci="0" mb="0" cb="0"/><line nr="590" mi="8" ci="0" mb="4" cb="0"/><line nr="592" mi="4" ci="0" mb="2" cb="0"/><line nr="593" mi="12" ci="0" mb="0" cb="0"/><line nr="596" mi="4" ci="0" mb="2" cb="0"/><line nr="600" mi="2" ci="0" mb="0" cb="0"/><line nr="601" mi="3" ci="0" mb="0" cb="0"/><line nr="602" mi="4" ci="0" mb="0" cb="0"/><line nr="603" mi="6" ci="0" mb="0" cb="0"/><line nr="604" mi="3" ci="0" mb="0" cb="0"/><line nr="606" mi="1" ci="0" mb="0" cb="0"/><line nr="607" mi="13" ci="0" mb="0" cb="0"/><line nr="608" mi="1" ci="0" mb="0" cb="0"/><line nr="610" mi="3" ci="0" mb="0" cb="0"/><line nr="611" mi="1" ci="0" mb="0" cb="0"/><line nr="613" mi="2" ci="0" mb="0" cb="0"/><line nr="616" mi="2" ci="0" mb="0" cb="0"/><counter type="INSTRUCTION" missed="488" covered="925"/><counter type="BRANCH" missed="54" covered="58"/><counter type="LINE" missed="102" covered="237"/><counter type="COMPLEXITY" missed="42" covered="28"/><counter type="METHOD" missed="6" covered="8"/><counter type="CLASS" missed="1" covered="2"/></sourcefile><counter type="INSTRUCTION" missed="488" covered="925"/><counter type="BRANCH" missed="54" covered="58"/><counter type="LINE" missed="102" covered="237"/><counter type="COMPLEXITY" missed="42" covered="28"/><counter type="METHOD" missed="6" covered="8"/><counter type="CLASS" missed="1" covered="2"/></package><counter type="INSTRUCTION" missed="502" covered="1309"/><counter type="BRANCH" missed="57" covered="77"/><counter type="LINE" missed="103" covered="321"/><counter type="COMPLEXITY" missed="47" covered="50"/><counter type="METHOD" missed="8" covered="22"/><counter type="CLASS" missed="1" covered="5"/></report>